<?xml version="1.0" encoding="utf-8"?><testsuites name="pytest tests"><testsuite name="pytest" errors="0" failures="0" skipped="0" tests="13" time="3.108" timestamp="2026-04-16T15:38:06.713232+00:00" hostname="agent-env-18f303ad-2d32-44ce-a570-57c29d8df6fc"><testcase classname="tests.test_api.TestHealth" name="test_health_endpoint" time="0.259" /><testcase classname="tests.test_api.TestStatus" name="test_create_status_check" time="0.145" /><testcase classname="tests.test_api.TestStatus" name="test_get_status_checks" time="0.202" /><testcase classname="tests.test_api.TestGameSave" name="test_save_new_game" time="0.258" /><testcase classname="tests.test_api.TestGameSave" name="test_update_existing_game" time="0.390" /><testcase classname="tests.test_api.TestGameSave" name="test_load_nonexistent_game" time="0.158" /><testcase classname="tests.test_api.TestGameSave" name="test_delete_game_save" time="0.415" /><testcase classname="tests.test_api.TestLeaderboard" name="test_create_leaderboard_entry" time="0.272" /><testcase classname="tests.test_api.TestLeaderboard" name="test_update_leaderboard_entry" time="0.341" /><testcase classname="tests.test_api.TestLeaderboard" name="test_get_leaderboard_sorted" time="0.186" /><testcase classname="tests.test_api.TestPVP" name="test_get_bronze_opponents" time="0.106" /><testcase classname="tests.test_api.TestPVP" name="test_get_gold_opponents" time="0.147" /><testcase classname="tests.test_api.TestPVP" name="test_get_diamond_opponents" time="0.147" /></testsuite></testsuites>